<?xml version="1.0" encoding="UTF-8"?>
<testng-results ignored="0" total="0" passed="0" failed="0" skipped="0">
  <reporter-output>
  </reporter-output>
  <suite started-at="2020-02-23T02:48:46Z" name="helloworld.AppTest" finished-at="2020-02-23T02:48:46Z" duration-ms="3">
    <groups>
    </groups>
    <test started-at="2020-02-23T02:48:46Z" name="Command line test" finished-at="2020-02-23T02:48:46Z" duration-ms="3">
    </test> <!-- Command line test -->
  </suite> <!-- helloworld.AppTest -->
</testng-results>
